[debug] [2025-03-12T14:02:03.132Z] ----------------------------------------------------------------------
[debug] [2025-03-12T14:02:03.138Z] Command:       C:\Program Files\nodejs\node.exe C:\Users\Kotra\AppData\Roaming\npm\node_modules\firebase-tools\lib\bin\firebase.js init
[debug] [2025-03-12T14:02:03.139Z] CLI Version:   13.33.0
[debug] [2025-03-12T14:02:03.139Z] Platform:      win32
[debug] [2025-03-12T14:02:03.140Z] Node Version:  v20.18.3
[debug] [2025-03-12T14:02:03.140Z] Time:          Wed Mar 12 2025 19:32:03 GMT+0530 (India Standard Time)
[debug] [2025-03-12T14:02:03.140Z] ----------------------------------------------------------------------
[debug] 
[debug] [2025-03-12T14:02:03.146Z] >>> [apiv2][query] GET https://firebase-public.firebaseio.com/cli.json [none]
[debug] [2025-03-12T14:02:03.205Z] > command requires scopes: ["email","openid","https://www.googleapis.com/auth/cloudplatformprojects.readonly","https://www.googleapis.com/auth/firebase","https://www.googleapis.com/auth/cloud-platform"]
[debug] [2025-03-12T14:02:03.205Z] > authorizing via signed-in user (dhanushkotra4@gmail.com)
[info] 
     ######## #### ########  ######## ########     ###     ######  ########
     ##        ##  ##     ## ##       ##     ##  ##   ##  ##       ##
     ######    ##  ########  ######   ########  #########  ######  ######
     ##        ##  ##    ##  ##       ##     ## ##     ##       ## ##
     ##       #### ##     ## ######## ########  ##     ##  ######  ########

You're about to initialize a Firebase project in this directory:

  C:\Users\Kotra\ionic-chat-app

[debug] [2025-03-12T14:02:04.766Z] <<< [apiv2][status] GET https://firebase-public.firebaseio.com/cli.json 200
[debug] [2025-03-12T14:02:04.766Z] <<< [apiv2][body] GET https://firebase-public.firebaseio.com/cli.json {"cloudBuildErrorAfter":1594252800000,"cloudBuildWarnAfter":1590019200000,"defaultNode10After":1594252800000,"minVersion":"3.0.5","node8DeploysDisabledAfter":1613390400000,"node8RuntimeDisabledAfter":1615809600000,"node8WarnAfter":1600128000000}
